<?xml version="1.0" encoding="UTF-8"?>
<testng-results ignored="0" total="2" passed="2" failed="0" skipped="0">
  <reporter-output>
  </reporter-output>
  <suite started-at="2024-01-23T14:13:40 IST" name="Suite" finished-at="2024-01-23T14:13:52 IST" duration-ms="11870">
    <groups>
    </groups>
    <test started-at="2024-01-23T14:13:40 IST" name="Test" finished-at="2024-01-23T14:13:52 IST" duration-ms="11870">
      <class name="com.testCase.Login">
        <test-method is-config="true" signature="setup()[pri:0, instance:com.testCase.Login@196a42c3]" started-at="2024-01-23T14:13:41 IST" name="setup" finished-at="2024-01-23T14:13:47 IST" duration-ms="6290" status="PASS">
          <reporter-output>
          </reporter-output>
        </test-method> <!-- setup -->
        <test-method signature="FailTest()[pri:0, instance:com.testCase.Login@196a42c3]" started-at="2024-01-23T14:13:47 IST" name="FailTest" finished-at="2024-01-23T14:13:47 IST" duration-ms="7" status="PASS">
          <reporter-output>
          </reporter-output>
        </test-method> <!-- FailTest -->
        <test-method signature="clickOnLogin()[pri:0, instance:com.testCase.Login@196a42c3]" started-at="2024-01-23T14:13:47 IST" name="clickOnLogin" finished-at="2024-01-23T14:13:52 IST" duration-ms="5165" status="PASS">
          <reporter-output>
          </reporter-output>
        </test-method> <!-- clickOnLogin -->
        <test-method is-config="true" signature="tearDown()[pri:0, instance:com.testCase.Login@196a42c3]" started-at="2024-01-23T14:13:52 IST" name="tearDown" finished-at="2024-01-23T14:13:52 IST" duration-ms="97" status="PASS">
          <reporter-output>
          </reporter-output>
        </test-method> <!-- tearDown -->
      </class> <!-- com.testCase.Login -->
    </test> <!-- Test -->
  </suite> <!-- Suite -->
</testng-results>
