<?xml version="1.0" encoding="UTF-8"?>
<!-- Generated by org.testng.reporters.JUnitXMLReporter -->
<testsuite ignored="0" hostname="L-INE-FZR4PL3" failures="1" tests="2" name="Test" time="11.25" errors="0" timestamp="2024-01-23T15:16:44 IST">
  <testcase classname="com.testCase.Login" name="FailTest" time="0.008">
    <failure type="junit.framework.AssertionFailedError">
      <![CDATA[junit.framework.AssertionFailedError
at junit.framework.Assert.fail(Assert.java:47)
at junit.framework.Assert.assertTrue(Assert.java:20)
at junit.framework.Assert.assertTrue(Assert.java:27)
at com.testCase.Login.FailTest(Login.java:32)
at java.base/java.util.ArrayList.forEach(ArrayList.java:1511)
... Removed 27 stack frames]]>
    </failure>
  </testcase> <!-- FailTest -->
  <testcase classname="com.testCase.Login" name="clickOnLogin" time="5.276"/>
</testsuite> <!-- Test -->
